2023-02-06 13:08:49,952 - Log4JLogChute initialized using file 'velocity.log'
2023-02-06 13:08:49,953 - Initializing Velocity, Calling init()...
2023-02-06 13:08:49,953 - Starting Apache Velocity v1.7 (compiled: 2010-11-19 12:14:37)
2023-02-06 13:08:49,953 - Default Properties File: org/apache/velocity/runtime/defaults/velocity.properties
2023-02-06 13:08:49,953 - Trying to use logger class org.apache.velocity.runtime.log.AvalonLogChute
2023-02-06 13:08:49,953 - Target log system for org.apache.velocity.runtime.log.AvalonLogChute is not available (java.lang.NoClassDefFoundError: org/apache/log/format/Formatter).  Falling back to next log system...
2023-02-06 13:08:49,953 - Trying to use logger class org.apache.velocity.runtime.log.Log4JLogChute
2023-02-06 13:08:49,953 - Using logger class org.apache.velocity.runtime.log.Log4JLogChute
2023-02-06 13:08:49,958 - ResourceLoader instantiated: org.apache.velocity.runtime.resource.loader.ClasspathResourceLoader
2023-02-06 13:08:49,966 - ResourceCache: initialized (class org.apache.velocity.runtime.resource.ResourceCacheImpl) with class java.util.Collections$SynchronizedMap cache map.
2023-02-06 13:08:49,968 - Loaded System Directive: org.apache.velocity.runtime.directive.Stop
2023-02-06 13:08:49,968 - Loaded System Directive: org.apache.velocity.runtime.directive.Define
2023-02-06 13:08:49,969 - Loaded System Directive: org.apache.velocity.runtime.directive.Break
2023-02-06 13:08:49,969 - Loaded System Directive: org.apache.velocity.runtime.directive.Evaluate
2023-02-06 13:08:49,970 - Loaded System Directive: org.apache.velocity.runtime.directive.Literal
2023-02-06 13:08:49,970 - Loaded System Directive: org.apache.velocity.runtime.directive.Macro
2023-02-06 13:08:49,970 - Loaded System Directive: org.apache.velocity.runtime.directive.Parse
2023-02-06 13:08:49,971 - Loaded System Directive: org.apache.velocity.runtime.directive.Include
2023-02-06 13:08:49,972 - Loaded System Directive: org.apache.velocity.runtime.directive.Foreach
2023-02-06 13:08:49,991 - Created '20' parsers.
2023-02-06 13:08:49,997 - Velocimacro : "velocimacro.library" is not set.  Trying default library: VM_global_library.vm
2023-02-06 13:08:49,998 - Could not load resource 'VM_global_library.vm' from ResourceLoader org.apache.velocity.runtime.resource.loader.ClasspathResourceLoader: ClasspathResourceLoader Error: cannot find resource VM_global_library.vm
2023-02-06 13:08:49,998 - Velocimacro : Default library not found.
2023-02-06 13:08:49,998 - Velocimacro : allowInline = true : VMs can be defined inline in templates
2023-02-06 13:08:49,998 - Velocimacro : allowInlineToOverride = false : VMs defined inline may NOT replace previous VM definitions
2023-02-06 13:08:49,998 - Velocimacro : allowInlineLocal = false : VMs defined inline will be global in scope if allowed.
2023-02-06 13:08:49,998 - Velocimacro : autoload off : VM system will not automatically reload global library macros
2023-02-06 13:08:50,009 - ResourceManager : found /public/home.html with loader org.apache.velocity.runtime.resource.loader.ClasspathResourceLoader
2023-02-06 15:45:30,474 - Log4JLogChute initialized using file 'velocity.log'
2023-02-06 15:45:30,475 - Initializing Velocity, Calling init()...
2023-02-06 15:45:30,475 - Starting Apache Velocity v1.7 (compiled: 2010-11-19 12:14:37)
2023-02-06 15:45:30,475 - Default Properties File: org/apache/velocity/runtime/defaults/velocity.properties
2023-02-06 15:45:30,475 - Trying to use logger class org.apache.velocity.runtime.log.AvalonLogChute
2023-02-06 15:45:30,475 - Target log system for org.apache.velocity.runtime.log.AvalonLogChute is not available (java.lang.NoClassDefFoundError: org/apache/log/format/Formatter).  Falling back to next log system...
2023-02-06 15:45:30,475 - Trying to use logger class org.apache.velocity.runtime.log.Log4JLogChute
2023-02-06 15:45:30,475 - Using logger class org.apache.velocity.runtime.log.Log4JLogChute
2023-02-06 15:45:30,479 - ResourceLoader instantiated: org.apache.velocity.runtime.resource.loader.ClasspathResourceLoader
2023-02-06 15:45:30,486 - ResourceCache: initialized (class org.apache.velocity.runtime.resource.ResourceCacheImpl) with class java.util.Collections$SynchronizedMap cache map.
2023-02-06 15:45:30,488 - Loaded System Directive: org.apache.velocity.runtime.directive.Stop
2023-02-06 15:45:30,488 - Loaded System Directive: org.apache.velocity.runtime.directive.Define
2023-02-06 15:45:30,488 - Loaded System Directive: org.apache.velocity.runtime.directive.Break
2023-02-06 15:45:30,489 - Loaded System Directive: org.apache.velocity.runtime.directive.Evaluate
2023-02-06 15:45:30,489 - Loaded System Directive: org.apache.velocity.runtime.directive.Literal
2023-02-06 15:45:30,489 - Loaded System Directive: org.apache.velocity.runtime.directive.Macro
2023-02-06 15:45:30,490 - Loaded System Directive: org.apache.velocity.runtime.directive.Parse
2023-02-06 15:45:30,491 - Loaded System Directive: org.apache.velocity.runtime.directive.Include
2023-02-06 15:45:30,491 - Loaded System Directive: org.apache.velocity.runtime.directive.Foreach
2023-02-06 15:45:30,509 - Created '20' parsers.
2023-02-06 15:45:30,515 - Velocimacro : "velocimacro.library" is not set.  Trying default library: VM_global_library.vm
2023-02-06 15:45:30,515 - Could not load resource 'VM_global_library.vm' from ResourceLoader org.apache.velocity.runtime.resource.loader.ClasspathResourceLoader: ClasspathResourceLoader Error: cannot find resource VM_global_library.vm
2023-02-06 15:45:30,515 - Velocimacro : Default library not found.
2023-02-06 15:45:30,515 - Velocimacro : allowInline = true : VMs can be defined inline in templates
2023-02-06 15:45:30,515 - Velocimacro : allowInlineToOverride = false : VMs defined inline may NOT replace previous VM definitions
2023-02-06 15:45:30,515 - Velocimacro : allowInlineLocal = false : VMs defined inline will be global in scope if allowed.
2023-02-06 15:45:30,515 - Velocimacro : autoload off : VM system will not automatically reload global library macros
2023-02-06 15:45:30,524 - ResourceManager : found /public/home.html with loader org.apache.velocity.runtime.resource.loader.ClasspathResourceLoader
2023-02-06 15:45:37,860 - Log4JLogChute initialized using file 'velocity.log'
2023-02-06 15:45:37,860 - Initializing Velocity, Calling init()...
2023-02-06 15:45:37,861 - Starting Apache Velocity v1.7 (compiled: 2010-11-19 12:14:37)
2023-02-06 15:45:37,861 - Default Properties File: org/apache/velocity/runtime/defaults/velocity.properties
2023-02-06 15:45:37,861 - Trying to use logger class org.apache.velocity.runtime.log.AvalonLogChute
2023-02-06 15:45:37,861 - Target log system for org.apache.velocity.runtime.log.AvalonLogChute is not available (java.lang.NoClassDefFoundError: org/apache/log/format/Formatter).  Falling back to next log system...
2023-02-06 15:45:37,861 - Trying to use logger class org.apache.velocity.runtime.log.Log4JLogChute
2023-02-06 15:45:37,861 - Using logger class org.apache.velocity.runtime.log.Log4JLogChute
2023-02-06 15:45:37,861 - ResourceLoader instantiated: org.apache.velocity.runtime.resource.loader.ClasspathResourceLoader
2023-02-06 15:45:37,862 - ResourceCache: initialized (class org.apache.velocity.runtime.resource.ResourceCacheImpl) with class java.util.Collections$SynchronizedMap cache map.
2023-02-06 15:45:37,862 - Loaded System Directive: org.apache.velocity.runtime.directive.Stop
2023-02-06 15:45:37,862 - Loaded System Directive: org.apache.velocity.runtime.directive.Define
2023-02-06 15:45:37,863 - Loaded System Directive: org.apache.velocity.runtime.directive.Break
2023-02-06 15:45:37,863 - Loaded System Directive: org.apache.velocity.runtime.directive.Evaluate
2023-02-06 15:45:37,863 - Loaded System Directive: org.apache.velocity.runtime.directive.Literal
2023-02-06 15:45:37,863 - Loaded System Directive: org.apache.velocity.runtime.directive.Macro
2023-02-06 15:45:37,863 - Loaded System Directive: org.apache.velocity.runtime.directive.Parse
2023-02-06 15:45:37,863 - Loaded System Directive: org.apache.velocity.runtime.directive.Include
2023-02-06 15:45:37,863 - Loaded System Directive: org.apache.velocity.runtime.directive.Foreach
2023-02-06 15:45:37,864 - Created '20' parsers.
2023-02-06 15:45:37,864 - Velocimacro : "velocimacro.library" is not set.  Trying default library: VM_global_library.vm
2023-02-06 15:45:37,864 - Could not load resource 'VM_global_library.vm' from ResourceLoader org.apache.velocity.runtime.resource.loader.ClasspathResourceLoader: ClasspathResourceLoader Error: cannot find resource VM_global_library.vm
2023-02-06 15:45:37,864 - Velocimacro : Default library not found.
2023-02-06 15:45:37,864 - Velocimacro : allowInline = true : VMs can be defined inline in templates
2023-02-06 15:45:37,864 - Velocimacro : allowInlineToOverride = false : VMs defined inline may NOT replace previous VM definitions
2023-02-06 15:45:37,864 - Velocimacro : allowInlineLocal = false : VMs defined inline will be global in scope if allowed.
2023-02-06 15:45:37,864 - Velocimacro : autoload off : VM system will not automatically reload global library macros
2023-02-06 15:45:37,865 - ResourceManager : found /public/home.html with loader org.apache.velocity.runtime.resource.loader.ClasspathResourceLoader
2023-02-07 11:27:22,174 - Log4JLogChute initialized using file 'velocity.log'
2023-02-07 11:27:22,176 - Initializing Velocity, Calling init()...
2023-02-07 11:27:22,176 - Starting Apache Velocity v1.7 (compiled: 2010-11-19 12:14:37)
2023-02-07 11:27:22,176 - Default Properties File: org/apache/velocity/runtime/defaults/velocity.properties
2023-02-07 11:27:22,176 - Trying to use logger class org.apache.velocity.runtime.log.AvalonLogChute
2023-02-07 11:27:22,176 - Target log system for org.apache.velocity.runtime.log.AvalonLogChute is not available (java.lang.NoClassDefFoundError: org/apache/log/format/Formatter).  Falling back to next log system...
2023-02-07 11:27:22,176 - Trying to use logger class org.apache.velocity.runtime.log.Log4JLogChute
2023-02-07 11:27:22,176 - Using logger class org.apache.velocity.runtime.log.Log4JLogChute
2023-02-07 11:27:22,180 - ResourceLoader instantiated: org.apache.velocity.runtime.resource.loader.ClasspathResourceLoader
2023-02-07 11:27:22,189 - ResourceCache: initialized (class org.apache.velocity.runtime.resource.ResourceCacheImpl) with class java.util.Collections$SynchronizedMap cache map.
2023-02-07 11:27:22,192 - Loaded System Directive: org.apache.velocity.runtime.directive.Stop
2023-02-07 11:27:22,192 - Loaded System Directive: org.apache.velocity.runtime.directive.Define
2023-02-07 11:27:22,193 - Loaded System Directive: org.apache.velocity.runtime.directive.Break
2023-02-07 11:27:22,193 - Loaded System Directive: org.apache.velocity.runtime.directive.Evaluate
2023-02-07 11:27:22,194 - Loaded System Directive: org.apache.velocity.runtime.directive.Literal
2023-02-07 11:27:22,197 - Loaded System Directive: org.apache.velocity.runtime.directive.Macro
2023-02-07 11:27:22,199 - Loaded System Directive: org.apache.velocity.runtime.directive.Parse
2023-02-07 11:27:22,200 - Loaded System Directive: org.apache.velocity.runtime.directive.Include
2023-02-07 11:27:22,200 - Loaded System Directive: org.apache.velocity.runtime.directive.Foreach
2023-02-07 11:27:22,219 - Created '20' parsers.
2023-02-07 11:27:22,231 - Velocimacro : "velocimacro.library" is not set.  Trying default library: VM_global_library.vm
2023-02-07 11:27:22,231 - Could not load resource 'VM_global_library.vm' from ResourceLoader org.apache.velocity.runtime.resource.loader.ClasspathResourceLoader: ClasspathResourceLoader Error: cannot find resource VM_global_library.vm
2023-02-07 11:27:22,231 - Velocimacro : Default library not found.
2023-02-07 11:27:22,232 - Velocimacro : allowInline = true : VMs can be defined inline in templates
2023-02-07 11:27:22,232 - Velocimacro : allowInlineToOverride = false : VMs defined inline may NOT replace previous VM definitions
2023-02-07 11:27:22,232 - Velocimacro : allowInlineLocal = false : VMs defined inline will be global in scope if allowed.
2023-02-07 11:27:22,232 - Velocimacro : autoload off : VM system will not automatically reload global library macros
2023-02-07 11:27:22,239 - ResourceManager : found /public/home.html with loader org.apache.velocity.runtime.resource.loader.ClasspathResourceLoader
2023-02-07 11:27:28,491 - Log4JLogChute initialized using file 'velocity.log'
2023-02-07 11:27:28,491 - Log4JLogChute initialized using file 'velocity.log'
2023-02-07 11:27:28,492 - Initializing Velocity, Calling init()...
2023-02-07 11:27:28,492 - Initializing Velocity, Calling init()...
2023-02-07 11:27:28,492 - Starting Apache Velocity v1.7 (compiled: 2010-11-19 12:14:37)
2023-02-07 11:27:28,492 - Starting Apache Velocity v1.7 (compiled: 2010-11-19 12:14:37)
2023-02-07 11:27:28,492 - Default Properties File: org/apache/velocity/runtime/defaults/velocity.properties
2023-02-07 11:27:28,492 - Default Properties File: org/apache/velocity/runtime/defaults/velocity.properties
2023-02-07 11:27:28,492 - Trying to use logger class org.apache.velocity.runtime.log.AvalonLogChute
2023-02-07 11:27:28,492 - Trying to use logger class org.apache.velocity.runtime.log.AvalonLogChute
2023-02-07 11:27:28,492 - Target log system for org.apache.velocity.runtime.log.AvalonLogChute is not available (java.lang.NoClassDefFoundError: org/apache/log/format/Formatter).  Falling back to next log system...
2023-02-07 11:27:28,492 - Target log system for org.apache.velocity.runtime.log.AvalonLogChute is not available (java.lang.NoClassDefFoundError: org/apache/log/format/Formatter).  Falling back to next log system...
2023-02-07 11:27:28,492 - Trying to use logger class org.apache.velocity.runtime.log.Log4JLogChute
2023-02-07 11:27:28,492 - Trying to use logger class org.apache.velocity.runtime.log.Log4JLogChute
2023-02-07 11:27:28,492 - Using logger class org.apache.velocity.runtime.log.Log4JLogChute
2023-02-07 11:27:28,492 - Using logger class org.apache.velocity.runtime.log.Log4JLogChute
2023-02-07 11:27:28,493 - ResourceLoader instantiated: org.apache.velocity.runtime.resource.loader.ClasspathResourceLoader
2023-02-07 11:27:28,493 - ResourceLoader instantiated: org.apache.velocity.runtime.resource.loader.ClasspathResourceLoader
2023-02-07 11:27:28,493 - ResourceCache: initialized (class org.apache.velocity.runtime.resource.ResourceCacheImpl) with class java.util.Collections$SynchronizedMap cache map.
2023-02-07 11:27:28,493 - ResourceCache: initialized (class org.apache.velocity.runtime.resource.ResourceCacheImpl) with class java.util.Collections$SynchronizedMap cache map.
2023-02-07 11:27:28,496 - Loaded System Directive: org.apache.velocity.runtime.directive.Stop
2023-02-07 11:27:28,496 - Loaded System Directive: org.apache.velocity.runtime.directive.Stop
2023-02-07 11:27:28,497 - Loaded System Directive: org.apache.velocity.runtime.directive.Define
2023-02-07 11:27:28,497 - Loaded System Directive: org.apache.velocity.runtime.directive.Define
2023-02-07 11:27:28,497 - Loaded System Directive: org.apache.velocity.runtime.directive.Break
2023-02-07 11:27:28,497 - Loaded System Directive: org.apache.velocity.runtime.directive.Break
2023-02-07 11:27:28,497 - Loaded System Directive: org.apache.velocity.runtime.directive.Evaluate
2023-02-07 11:27:28,497 - Loaded System Directive: org.apache.velocity.runtime.directive.Evaluate
2023-02-07 11:27:28,497 - Loaded System Directive: org.apache.velocity.runtime.directive.Literal
2023-02-07 11:27:28,497 - Loaded System Directive: org.apache.velocity.runtime.directive.Literal
2023-02-07 11:27:28,497 - Loaded System Directive: org.apache.velocity.runtime.directive.Macro
2023-02-07 11:27:28,497 - Loaded System Directive: org.apache.velocity.runtime.directive.Macro
2023-02-07 11:27:28,497 - Loaded System Directive: org.apache.velocity.runtime.directive.Parse
2023-02-07 11:27:28,497 - Loaded System Directive: org.apache.velocity.runtime.directive.Parse
2023-02-07 11:27:28,497 - Loaded System Directive: org.apache.velocity.runtime.directive.Include
2023-02-07 11:27:28,497 - Loaded System Directive: org.apache.velocity.runtime.directive.Include
2023-02-07 11:27:28,497 - Loaded System Directive: org.apache.velocity.runtime.directive.Foreach
2023-02-07 11:27:28,497 - Loaded System Directive: org.apache.velocity.runtime.directive.Foreach
2023-02-07 11:27:28,499 - Created '20' parsers.
2023-02-07 11:27:28,499 - Created '20' parsers.
2023-02-07 11:27:28,499 - Velocimacro : "velocimacro.library" is not set.  Trying default library: VM_global_library.vm
2023-02-07 11:27:28,499 - Velocimacro : "velocimacro.library" is not set.  Trying default library: VM_global_library.vm
2023-02-07 11:27:28,500 - Could not load resource 'VM_global_library.vm' from ResourceLoader org.apache.velocity.runtime.resource.loader.ClasspathResourceLoader: ClasspathResourceLoader Error: cannot find resource VM_global_library.vm
2023-02-07 11:27:28,500 - Could not load resource 'VM_global_library.vm' from ResourceLoader org.apache.velocity.runtime.resource.loader.ClasspathResourceLoader: ClasspathResourceLoader Error: cannot find resource VM_global_library.vm
2023-02-07 11:27:28,500 - Velocimacro : Default library not found.
2023-02-07 11:27:28,500 - Velocimacro : Default library not found.
2023-02-07 11:27:28,500 - Velocimacro : allowInline = true : VMs can be defined inline in templates
2023-02-07 11:27:28,500 - Velocimacro : allowInline = true : VMs can be defined inline in templates
2023-02-07 11:27:28,500 - Velocimacro : allowInlineToOverride = false : VMs defined inline may NOT replace previous VM definitions
2023-02-07 11:27:28,500 - Velocimacro : allowInlineToOverride = false : VMs defined inline may NOT replace previous VM definitions
2023-02-07 11:27:28,500 - Velocimacro : allowInlineLocal = false : VMs defined inline will be global in scope if allowed.
2023-02-07 11:27:28,500 - Velocimacro : allowInlineLocal = false : VMs defined inline will be global in scope if allowed.
2023-02-07 11:27:28,500 - Velocimacro : autoload off : VM system will not automatically reload global library macros
2023-02-07 11:27:28,500 - Velocimacro : autoload off : VM system will not automatically reload global library macros
2023-02-07 11:27:28,501 - ResourceManager : found /public/home.html with loader org.apache.velocity.runtime.resource.loader.ClasspathResourceLoader
2023-02-07 11:27:28,501 - ResourceManager : found /public/home.html with loader org.apache.velocity.runtime.resource.loader.ClasspathResourceLoader
2023-02-08 11:53:37,522 - Log4JLogChute initialized using file 'velocity.log'
2023-02-08 11:53:37,524 - Initializing Velocity, Calling init()...
2023-02-08 11:53:37,524 - Starting Apache Velocity v1.7 (compiled: 2010-11-19 12:14:37)
2023-02-08 11:53:37,524 - Default Properties File: org/apache/velocity/runtime/defaults/velocity.properties
2023-02-08 11:53:37,524 - Trying to use logger class org.apache.velocity.runtime.log.AvalonLogChute
2023-02-08 11:53:37,524 - Target log system for org.apache.velocity.runtime.log.AvalonLogChute is not available (java.lang.NoClassDefFoundError: org/apache/log/format/Formatter).  Falling back to next log system...
2023-02-08 11:53:37,524 - Trying to use logger class org.apache.velocity.runtime.log.Log4JLogChute
2023-02-08 11:53:37,524 - Using logger class org.apache.velocity.runtime.log.Log4JLogChute
2023-02-08 11:53:37,524 - ResourceLoader instantiated: org.apache.velocity.runtime.resource.loader.ClasspathResourceLoader
2023-02-08 11:53:37,525 - ResourceCache: initialized (class org.apache.velocity.runtime.resource.ResourceCacheImpl) with class java.util.Collections$SynchronizedMap cache map.
2023-02-08 11:53:37,526 - Loaded System Directive: org.apache.velocity.runtime.directive.Stop
2023-02-08 11:53:37,526 - Loaded System Directive: org.apache.velocity.runtime.directive.Define
2023-02-08 11:53:37,526 - Loaded System Directive: org.apache.velocity.runtime.directive.Break
2023-02-08 11:53:37,526 - Loaded System Directive: org.apache.velocity.runtime.directive.Evaluate
2023-02-08 11:53:37,526 - Loaded System Directive: org.apache.velocity.runtime.directive.Literal
2023-02-08 11:53:37,526 - Loaded System Directive: org.apache.velocity.runtime.directive.Macro
2023-02-08 11:53:37,526 - Loaded System Directive: org.apache.velocity.runtime.directive.Parse
2023-02-08 11:53:37,526 - Loaded System Directive: org.apache.velocity.runtime.directive.Include
2023-02-08 11:53:37,526 - Loaded System Directive: org.apache.velocity.runtime.directive.Foreach
2023-02-08 11:53:37,529 - Created '20' parsers.
2023-02-08 11:53:37,529 - Velocimacro : "velocimacro.library" is not set.  Trying default library: VM_global_library.vm
2023-02-08 11:53:37,529 - Could not load resource 'VM_global_library.vm' from ResourceLoader org.apache.velocity.runtime.resource.loader.ClasspathResourceLoader: ClasspathResourceLoader Error: cannot find resource VM_global_library.vm
2023-02-08 11:53:37,529 - Velocimacro : Default library not found.
2023-02-08 11:53:37,529 - Velocimacro : allowInline = true : VMs can be defined inline in templates
2023-02-08 11:53:37,529 - Velocimacro : allowInlineToOverride = false : VMs defined inline may NOT replace previous VM definitions
2023-02-08 11:53:37,529 - Velocimacro : allowInlineLocal = false : VMs defined inline will be global in scope if allowed.
2023-02-08 11:53:37,529 - Velocimacro : autoload off : VM system will not automatically reload global library macros
2023-02-08 11:53:37,531 - ResourceManager : found /public/home.html with loader org.apache.velocity.runtime.resource.loader.ClasspathResourceLoader
